  1.000000e-02   2.286353e+02
  5.000000e-01   2.285716e+02
  1.000000e+00   2.285673e+02
  1.500000e+00   2.285632e+02
  2.000000e+00   2.285579e+02
  2.500000e+00   2.285508e+02
  3.000000e+00   2.285412e+02
  3.500000e+00   2.285281e+02
  4.000000e+00   2.285102e+02
  4.500000e+00   2.284853e+02
  5.000000e+00   2.284507e+02
  5.500000e+00   2.284021e+02
  6.000000e+00   2.283338e+02
  6.500000e+00   2.282372e+02
  7.000000e+00   2.281001e+02
  7.500000e+00   2.279050e+02
  8.000000e+00   2.276269e+02
  8.500000e+00   2.272302e+02
  9.000000e+00   2.266654e+02
  9.500000e+00   2.258659e+02
  1.000000e+01   2.247481e+02
  1.050000e+01   2.232177e+02
  1.100000e+01   2.211876e+02
  1.150000e+01   2.186071e+02
  1.200000e+01   2.154951e+02
  1.250000e+01   2.119620e+02
  1.300000e+01   2.082033e+02
  1.350000e+01   2.044582e+02
  1.400000e+01   2.009465e+02
  1.450000e+01   1.978142e+02
  1.500000e+01   1.951146e+02
  1.550000e+01   1.928249e+02
  1.600000e+01   1.908823e+02
  1.650000e+01   1.892158e+02
  1.700000e+01   1.877636e+02
  1.750000e+01   1.864756e+02
  1.800000e+01   1.853120e+02
  1.850000e+01   1.842407e+02
  1.900000e+01   1.832372e+02
  1.950000e+01   1.822839e+02
  2.000000e+01   1.813697e+02
  2.050000e+01   1.804893e+02
  2.100000e+01   1.796398e+02
  2.150000e+01   1.788190e+02
  2.200000e+01   1.780236e+02
  2.250000e+01   1.772492e+02
  2.300000e+01   1.764912e+02
  2.350000e+01   1.757445e+02
  2.400000e+01   1.750038e+02
  2.450000e+01   1.742648e+02
  2.500000e+01   1.735245e+02
  2.550000e+01   1.727811e+02
  2.600000e+01   1.720338e+02
  2.650000e+01   1.712827e+02
  2.700000e+01   1.705293e+02
  2.750000e+01   1.697775e+02
  2.800000e+01   1.690338e+02
  2.850000e+01   1.683056e+02
  2.900000e+01   1.675983e+02
  2.950000e+01   1.669142e+02
  3.000000e+01   1.662525e+02
  3.050000e+01   1.656101e+02
  3.100000e+01   1.649836e+02
  3.150000e+01   1.643699e+02
  3.200000e+01   1.637661e+02
  3.250000e+01   1.631698e+02
  3.300000e+01   1.625788e+02
  3.350000e+01   1.619916e+02
  3.400000e+01   1.614072e+02
  3.450000e+01   1.608255e+02
  3.500000e+01   1.602467e+02
  3.550000e+01   1.596714e+02
  3.600000e+01   1.591003e+02
  3.650000e+01   1.585340e+02
  3.700000e+01   1.579729e+02
  3.750000e+01   1.574177e+02
  3.800000e+01   1.568697e+02
  3.850000e+01   1.563304e+02
  3.900000e+01   1.558015e+02
  3.950000e+01   1.552842e+02
  4.000000e+01   1.547788e+02
  4.050000e+01   1.542844e+02
  4.100000e+01   1.537991e+02
  4.150000e+01   1.533206e+02
  4.200000e+01   1.528473e+02
  4.250000e+01   1.523793e+02
  4.300000e+01   1.519176e+02
  4.350000e+01   1.514623e+02
  4.400000e+01   1.510121e+02
  4.450000e+01   1.505646e+02
  4.500000e+01   1.501169e+02
  4.550000e+01   1.496658e+02
  4.600000e+01   1.492080e+02
  4.650000e+01   1.487413e+02
  4.700000e+01   1.482676e+02
  4.750000e+01   1.477942e+02
  4.800000e+01   1.473294e+02
  4.850000e+01   1.468782e+02
  4.900000e+01   1.464409e+02
  4.950000e+01   1.460154e+02
  5.000000e+01   1.455992e+02
  5.050000e+01   1.451893e+02
  5.100000e+01   1.447829e+02
  5.150000e+01   1.443773e+02
  5.200000e+01   1.439694e+02
  5.250000e+01   1.435563e+02
  5.300000e+01   1.431356e+02
  5.350000e+01   1.427071e+02
  5.400000e+01   1.422758e+02
  5.450000e+01   1.418502e+02
  5.500000e+01   1.414372e+02
  5.550000e+01   1.410392e+02
  5.600000e+01   1.406554e+02
  5.650000e+01   1.402830e+02
  5.700000e+01   1.399192e+02
  5.750000e+01   1.395611e+02
  5.800000e+01   1.392059e+02
  5.850000e+01   1.388510e+02
  5.900000e+01   1.384938e+02
  5.950000e+01   1.381313e+02
  6.000000e+01   1.377596e+02
  6.050000e+01   1.373746e+02
  6.100000e+01   1.369745e+02
  6.150000e+01   1.365634e+02
  6.200000e+01   1.361518e+02
  6.250000e+01   1.357486e+02
  6.300000e+01   1.353567e+02
  6.350000e+01   1.349740e+02
  6.400000e+01   1.345962e+02
  6.450000e+01   1.342183e+02
  6.500000e+01   1.338359e+02
  6.550000e+01   1.334476e+02
  6.600000e+01   1.330576e+02
  6.650000e+01   1.326748e+02
  6.700000e+01   1.323061e+02
  6.750000e+01   1.319532e+02
  6.800000e+01   1.316146e+02
  6.850000e+01   1.312876e+02
  6.900000e+01   1.309699e+02
  6.950000e+01   1.306597e+02
  7.000000e+01   1.303557e+02
  7.050000e+01   1.300567e+02
  7.100000e+01   1.297619e+02
  7.150000e+01   1.294702e+02
  7.200000e+01   1.291803e+02
  7.250000e+01   1.288910e+02
  7.300000e+01   1.286003e+02
  7.350000e+01   1.283063e+02
  7.400000e+01   1.280070e+02
  7.450000e+01   1.276999e+02
  7.500000e+01   1.273822e+02
  7.550000e+01   1.270514e+02
  7.600000e+01   1.267070e+02
  7.650000e+01   1.263537e+02
  7.700000e+01   1.260008e+02
  7.750000e+01   1.256558e+02
  7.800000e+01   1.253203e+02
  7.850000e+01   1.249920e+02
  7.900000e+01   1.246667e+02
  7.950000e+01   1.243402e+02
  8.000000e+01   1.240106e+02
  8.050000e+01   1.236789e+02
  8.100000e+01   1.233490e+02
  8.150000e+01   1.230250e+02
  8.200000e+01   1.227091e+02
  8.250000e+01   1.224015e+02
  8.300000e+01   1.221016e+02
  8.350000e+01   1.218081e+02
  8.400000e+01   1.215194e+02
  8.450000e+01   1.212341e+02
  8.500000e+01   1.209504e+02
  8.550000e+01   1.206663e+02
  8.600000e+01   1.203792e+02
  8.650000e+01   1.200863e+02
  8.700000e+01   1.197848e+02
  8.750000e+01   1.194738e+02
  8.800000e+01   1.191578e+02
  8.850000e+01   1.188456e+02
  8.900000e+01   1.185448e+02
  8.950000e+01   1.182575e+02
  9.000000e+01   1.179818e+02
  9.050000e+01   1.177134e+02
  9.100000e+01   1.174476e+02
  9.150000e+01   1.171807e+02
  9.200000e+01   1.169121e+02
  9.250000e+01   1.166459e+02
  9.300000e+01   1.163896e+02
  9.350000e+01   1.161478e+02
  9.400000e+01   1.159216e+02
  9.450000e+01   1.157096e+02
  9.500000e+01   1.155097e+02
  9.550000e+01   1.153198e+02
  9.600000e+01   1.151379e+02
  9.650000e+01   1.149624e+02
  9.700000e+01   1.147917e+02
  9.750000e+01   1.146247e+02
  9.800000e+01   1.144602e+02
  9.850000e+01   1.142976e+02
  9.900000e+01   1.141362e+02
  9.950000e+01   1.139754e+02
  1.000000e+02   1.138150e+02
